2024-05-02 22:14:43,237 - CRITICAL - TCP CONN - Não foi possível estabelecer conexão com broker, o sistema será interrompido.
2024-05-02 22:14:57,721 - INFO - Conexão realizada com BROKER
2024-05-02 22:14:57,896 - INFO - Conexão validada e aceita por BROKER
2024-05-02 22:14:57,897 - INFO - MENU - Thread para controle de dispositivo manualmente iniciada
2024-05-02 22:14:57,898 - INFO - UDP - Thread para enviar de dados para o Broker pela porta UDP iniciada
2024-05-02 22:14:57,915 - INFO - TCP - Thread ouvinte de comandos do Broker na porta TCP iniciada
2024-05-02 22:15:04,892 - INFO - UDP - Dado enviado {'data': 24.240000000000002} para BROKER
2024-05-02 22:15:06,394 - INFO - UDP - Dado enviado {'data': 24.160000000000004} para BROKER
2024-05-02 22:15:07,897 - INFO - UDP - Dado enviado {'data': 23.530000000000005} para BROKER
2024-05-02 22:15:09,398 - INFO - UDP - Dado enviado {'data': 23.120000000000005} para BROKER
2024-05-02 22:15:10,899 - INFO - UDP - Dado enviado {'data': 22.810000000000006} para BROKER
2024-05-02 22:15:12,400 - INFO - UDP - Dado enviado {'data': 22.010000000000005} para BROKER
2024-05-02 22:15:13,902 - INFO - UDP - Dado enviado {'data': 21.650000000000006} para BROKER
2024-05-02 22:15:15,403 - INFO - UDP - Dado enviado {'data': 20.690000000000005} para BROKER
2024-05-02 22:15:16,904 - INFO - UDP - Dado enviado {'data': 20.120000000000005} para BROKER
2024-05-02 22:15:18,405 - INFO - UDP - Dado enviado {'data': 20.870000000000005} para BROKER
2024-05-02 22:15:19,906 - INFO - UDP - Dado enviado {'data': 20.610000000000003} para BROKER
2024-05-02 22:15:33,649 - CRITICAL - TCP - Conexão com BROKER foi perdida. A Thread que escuta mensagens TCP será encerrada e a aplicação deve ser reiniciada.
2024-05-02 22:15:33,664 - INFO - TCP CONN - Iniciando nova tentativa de conexão com o BROKER.
2024-05-02 22:15:35,751 - CRITICAL - TCP CONN - Não foi possível estabelecer conexão com broker.
2024-05-02 22:15:35,794 - INFO - TCP CONN - Iniciando nova tentativa de conexão com o BROKER.
2024-05-02 22:15:37,922 - CRITICAL - TCP CONN - Não foi possível estabelecer conexão com broker.
2024-05-02 22:15:37,968 - INFO - TCP CONN - Iniciando nova tentativa de conexão com o BROKER.
2024-05-02 22:15:40,071 - CRITICAL - TCP CONN - Não foi possível estabelecer conexão com broker.
2024-05-02 22:15:40,114 - INFO - TCP CONN - Iniciando nova tentativa de conexão com o BROKER.
2024-05-02 22:15:42,203 - CRITICAL - TCP CONN - Não foi possível estabelecer conexão com broker.
2024-05-02 22:15:42,249 - INFO - TCP CONN - Iniciando nova tentativa de conexão com o BROKER.
2024-05-02 22:15:44,343 - CRITICAL - TCP CONN - Não foi possível estabelecer conexão com broker.
2024-05-02 22:15:44,360 - INFO - TCP CONN - Iniciando nova tentativa de conexão com o BROKER.
2024-05-02 22:15:46,447 - CRITICAL - TCP CONN - Não foi possível estabelecer conexão com broker.
2024-05-02 22:15:46,466 - INFO - TCP CONN - Iniciando nova tentativa de conexão com o BROKER.
2024-05-02 22:15:48,578 - CRITICAL - TCP CONN - Não foi possível estabelecer conexão com broker.
2024-05-02 22:15:48,613 - INFO - TCP CONN - Iniciando nova tentativa de conexão com o BROKER.
2024-05-02 22:15:50,695 - CRITICAL - TCP CONN - Não foi possível estabelecer conexão com broker.
2024-05-02 22:15:50,743 - INFO - TCP CONN - Iniciando nova tentativa de conexão com o BROKER.
2024-05-02 22:15:52,858 - CRITICAL - TCP CONN - Não foi possível estabelecer conexão com broker.
2024-05-02 22:15:52,905 - INFO - TCP CONN - Iniciando nova tentativa de conexão com o BROKER.
2024-05-02 22:15:54,994 - CRITICAL - TCP CONN - Não foi possível estabelecer conexão com broker.
2024-05-02 22:15:55,010 - INFO - TCP CONN - Iniciando nova tentativa de conexão com o BROKER.
2024-05-02 22:15:57,083 - CRITICAL - TCP CONN - Não foi possível estabelecer conexão com broker.
2024-05-02 22:15:57,141 - INFO - TCP CONN - Iniciando nova tentativa de conexão com o BROKER.
2024-05-02 23:24:18,583 - INFO - TCP CONN - Conexão realizada com BROKER
2024-05-02 23:24:18,878 - CRITICAL - TCP CONN - Não foi possível estabelecer conexão com broker, o sistema será interrompido.
2024-05-02 23:26:27,275 - INFO - TCP CONN - Conexão realizada com BROKER
2024-05-02 23:26:39,415 - CRITICAL - TCP CONN - Não foi possível estabelecer conexão com broker, o sistema será interrompido.
2024-05-02 23:26:47,651 - INFO - TCP CONN - Conexão realizada com BROKER
2024-05-02 23:26:47,870 - CRITICAL - TCP CONN - Não foi possível estabelecer conexão com broker, o sistema será interrompido.
2024-05-02 23:27:59,994 - INFO - TCP CONN - Conexão realizada com BROKER
2024-05-02 23:28:00,172 - INFO - TCP CONN - Conexão validada e aceita por BROKER
2024-05-02 23:28:00,174 - INFO - MENU - Thread para controle de dispositivo manualmente iniciada
2024-05-02 23:28:00,174 - INFO - UDP - Thread para enviar de dados para o Broker pela porta UDP iniciada
2024-05-02 23:28:00,223 - INFO - TCP - Thread ouvinte de comandos do Broker na porta TCP iniciada
2024-05-02 23:29:49,457 - INFO - TCP CONN - Conexão realizada com BROKER
2024-05-02 23:29:49,819 - CRITICAL - TCP CONN - Não foi possível estabelecer conexão com broker, o sistema será interrompido.
2024-05-02 23:29:54,076 - INFO - TCP CONN - Conexão realizada com BROKER
2024-05-02 23:29:54,499 - INFO - TCP CONN - Conexão validada e aceita por BROKER
2024-05-02 23:29:54,500 - INFO - MENU - Thread para controle de dispositivo manualmente iniciada
2024-05-02 23:29:54,500 - INFO - UDP - Thread para enviar de dados para o Broker pela porta UDP iniciada
2024-05-02 23:29:54,513 - INFO - TCP - Thread ouvinte de comandos do Broker na porta TCP iniciada
2024-05-02 23:30:53,986 - INFO - TCP CONN - Conexão realizada com BROKER
2024-05-02 23:30:54,580 - INFO - TCP CONN - Conexão validada e aceita por BROKER
2024-05-02 23:30:54,581 - INFO - MENU - Thread para controle de dispositivo manualmente iniciada
2024-05-02 23:30:54,581 - INFO - UDP - Thread para enviar de dados para o Broker pela porta UDP iniciada
2024-05-02 23:30:54,630 - INFO - TCP - Thread ouvinte de comandos do Broker na porta TCP iniciada
2024-05-02 23:31:11,359 - INFO - TCP CONN - Conexão realizada com BROKER
2024-05-02 23:31:11,595 - INFO - TCP CONN - Conexão validada e aceita por BROKER
2024-05-02 23:31:11,596 - INFO - MENU - Thread para controle de dispositivo manualmente iniciada
2024-05-02 23:31:11,596 - INFO - UDP - Thread para enviar de dados para o Broker pela porta UDP iniciada
2024-05-02 23:31:11,610 - INFO - TCP - Thread ouvinte de comandos do Broker na porta TCP iniciada
2024-05-02 23:31:21,277 - CRITICAL - TCP - Conexão com BROKER foi perdida. A Thread que escuta mensagens TCP será encerrada e a aplicação deve ser reiniciada.
2024-05-02 23:31:21,277 - INFO - TCP CONN - Iniciando nova tentativa de conexão com o BROKER.
2024-05-02 23:31:23,370 - CRITICAL - TCP CONN - Não foi possível estabelecer conexão com broker.
2024-05-02 23:31:23,431 - INFO - TCP CONN - Iniciando nova tentativa de conexão com o BROKER.
2024-05-02 23:31:25,552 - CRITICAL - TCP CONN - Não foi possível estabelecer conexão com broker.
2024-05-02 23:31:25,598 - INFO - TCP CONN - Iniciando nova tentativa de conexão com o BROKER.
2024-05-02 23:31:27,703 - CRITICAL - TCP CONN - Não foi possível estabelecer conexão com broker.
2024-05-02 23:31:27,749 - INFO - TCP CONN - Iniciando nova tentativa de conexão com o BROKER.
2024-05-02 23:31:29,848 - CRITICAL - TCP CONN - Não foi possível estabelecer conexão com broker.
2024-05-02 23:31:29,879 - INFO - TCP CONN - Iniciando nova tentativa de conexão com o BROKER.
2024-05-02 23:31:32,006 - CRITICAL - TCP CONN - Não foi possível estabelecer conexão com broker.
2024-05-02 23:31:32,067 - INFO - TCP CONN - Iniciando nova tentativa de conexão com o BROKER.
2024-05-02 23:31:34,176 - CRITICAL - TCP CONN - Não foi possível estabelecer conexão com broker.
2024-05-02 23:31:34,223 - INFO - TCP CONN - Iniciando nova tentativa de conexão com o BROKER.
2024-05-02 23:31:36,343 - CRITICAL - TCP CONN - Não foi possível estabelecer conexão com broker.
2024-05-02 23:31:36,387 - INFO - TCP CONN - Iniciando nova tentativa de conexão com o BROKER.
2024-05-02 23:31:37,458 - INFO - TCP CONN - Conexão realizada com BROKER
2024-05-02 23:31:38,078 - INFO - TCP CONN - Conexão validada e aceita por BROKER
2024-05-02 23:31:41,878 - INFO - UDP - Dado enviado {'data': 25.14} para BROKER
2024-05-02 23:31:43,380 - INFO - UDP - Dado enviado {'data': 26.43} para BROKER
2024-05-02 23:31:44,882 - INFO - UDP - Dado enviado {'data': 25.44} para BROKER
2024-05-02 23:31:46,383 - INFO - UDP - Dado enviado {'data': 25.3} para BROKER
2024-05-02 23:31:47,884 - INFO - UDP - Dado enviado {'data': 24.35} para BROKER
2024-05-02 23:31:49,385 - INFO - UDP - Dado enviado {'data': 24.630000000000003} para BROKER
2024-05-02 23:31:56,690 - CRITICAL - TCP - Conexão com BROKER foi perdida. A Thread que escuta mensagens TCP será encerrada e a aplicação deve ser reiniciada.
2024-05-02 23:31:56,707 - INFO - TCP CONN - Iniciando nova tentativa de conexão com o BROKER.
2024-05-02 23:31:58,791 - CRITICAL - TCP CONN - Não foi possível estabelecer conexão com broker.
2024-05-02 23:31:58,855 - INFO - TCP CONN - Iniciando nova tentativa de conexão com o BROKER.
2024-05-02 23:33:14,201 - INFO - TCP CONN - Conexão realizada com BROKER
2024-05-02 23:33:14,510 - INFO - TCP CONN - Conexão validada e aceita por BROKER
2024-05-02 23:33:14,510 - INFO - MENU - Thread para controle de dispositivo manualmente iniciada
2024-05-02 23:33:14,510 - INFO - UDP - Thread para enviar de dados para o Broker pela porta UDP iniciada
2024-05-02 23:33:14,521 - INFO - TCP - Thread ouvinte de comandos do Broker na porta TCP iniciada
